#
# A fatal error has been detected by the Java Runtime Environment:
#
#  EXCEPTION_ACCESS_VIOLATION (0xc0000005) at pc=0x000000005b81ff30, pid=19164, tid=0x0000000000001530
#
# JRE version: Java(TM) SE Runtime Environment (8.0_161-b12) (build 1.8.0_161-b12)
# Java VM: Java HotSpot(TM) 64-Bit Server VM (25.161-b12 mixed mode windows-amd64 compressed oops)
# Problematic frame:
# V  [jvm.dll+0xaff30]
#
# Failed to write core dump. Minidumps are not enabled by default on client versions of Windows
#
# If you would like to submit a bug report, please visit:
#   http://bugreport.java.com/bugreport/crash.jsp
#

---------------  T H R E A D  ---------------

Current thread (0x0000000003228800):  GCTaskThread [stack: 0x0000000012e80000,0x0000000012f80000] [id=5424]

siginfo: ExceptionCode=0xc0000005, reading address 0x00000001020117b0

Registers:
RAX=0x0000000000000001, RBX=0x00000000d6c3d3f8, RCX=0x00000000d6c3d3f8, RDX=0x00000001020117a8
RSP=0x0000000012f7f0a8, RBP=0x00000000126d2381, RSI=0x00000000032fe140, RDI=0x0000000082270038
R8 =0x00000000032fe140, R9 =0x0000000000000033, R10=0x0000000000000008, R11=0x0000000000000000
R12=0x00000000126d234e, R13=0x0000000000000001, R14=0x0000000000000000, R15=0x000000000321e080
RIP=0x000000005b81ff30, EFLAGS=0x0000000000010202

Top of Stack: (sp=0x0000000012f7f0a8)
0x0000000012f7f0a8:   000000005bb715f2 00000000d6c3cb98
0x0000000012f7f0b8:   0000000000000003 00000000032fe140
0x0000000012f7f0c8:   000000005bdc73b0 00000000daa68020
0x0000000012f7f0d8:   000000005bb71d3b 00000000829936a0
0x0000000012f7f0e8:   0000000000000400 0000000000000000
0x0000000012f7f0f8:   00000000032fe100 00000000126d234e
0x0000000012f7f108:   000000005bb71960 0000000082994eb4
0x0000000012f7f118:   00000000126d2381 00000000032fe140
0x0000000012f7f128:   0000000082270038 0000000082994eb4
0x0000000012f7f138:   000000005bb72505 00000000d6d1f920
0x0000000012f7f148:   00000000126d2381 00000000032fe140
0x0000000012f7f158:   0000000000000005 00000000032fe140
0x0000000012f7f168:   00007ffb859f9252 0000000000000000
0x0000000012f7f178:   000000005bb71d3b 00000000032fe140
0x0000000012f7f188:   000000005b8830f3 00000000822646b1
0x0000000012f7f198:   00000000822646b1 000000008226ff8c 

Instructions: (pc=0x000000005b81ff30)
0x000000005b81ff10:   6c ba 1d 00 48 8b 9c 24 d0 00 00 00 48 81 c4 c0
0x000000005b81ff20:   00 00 00 5d c3 cc cc cc cc cc cc cc cc cc cc cc
0x000000005b81ff30:   44 8b 42 08 4c 8b ca 45 85 c0 7e 0e 41 f6 c0 01
0x000000005b81ff40:   75 57 41 c1 f8 03 41 8b c0 c3 79 4d 80 3d 8e 05 


Register to memory mapping:

RAX=0x0000000000000001 is an unknown value
RBX=0x00000000d6c3d3f8 is an oop

[error occurred during error reporting (printing register info), id 0xc0000005]

Stack: [0x0000000012e80000,0x0000000012f80000],  sp=0x0000000012f7f0a8,  free space=1020k
Native frames: (J=compiled Java code, j=interpreted, Vv=VM code, C=native code)
V  [jvm.dll+0xaff30]


---------------  P R O C E S S  ---------------

Java Threads: ( => current thread )
  0x00000000197c0800 JavaThread "Service Thread" daemon [_thread_blocked, id=1784, stack(0x0000000019b90000,0x0000000019c90000)]
  0x0000000017e40800 JavaThread "C1 CompilerThread2" daemon [_thread_blocked, id=16444, stack(0x0000000019690000,0x0000000019790000)]
  0x0000000017e34000 JavaThread "C2 CompilerThread1" daemon [_thread_in_native, id=7316, stack(0x0000000019590000,0x0000000019690000)]
  0x0000000017e30800 JavaThread "C2 CompilerThread0" daemon [_thread_blocked, id=16688, stack(0x0000000019490000,0x0000000019590000)]
  0x0000000017e2c000 JavaThread "Attach Listener" daemon [_thread_blocked, id=6100, stack(0x0000000019390000,0x0000000019490000)]
  0x0000000017e2b000 JavaThread "Signal Dispatcher" daemon [_thread_blocked, id=12356, stack(0x0000000019290000,0x0000000019390000)]
  0x000000000330c800 JavaThread "Finalizer" daemon [_thread_blocked, id=6576, stack(0x00000000190a0000,0x00000000191a0000)]
  0x0000000003301800 JavaThread "Reference Handler" daemon [_thread_blocked, id=5600, stack(0x0000000018fa0000,0x00000000190a0000)]
  0x000000000127d800 JavaThread "main" [_thread_blocked, id=5644, stack(0x0000000003110000,0x0000000003210000)]

Other Threads:
  0x0000000017df6800 VMThread [stack: 0x0000000018ea0000,0x0000000018fa0000] [id=10000]
  0x00000000197df000 WatcherThread [stack: 0x0000000019c90000,0x0000000019d90000] [id=6112]

=>0x0000000003228800 (exited) GCTaskThread [stack: 0x0000000012e80000,0x0000000012f80000] [id=5424]

VM state:at safepoint (normal execution)

VM Mutex/Monitor currently owned by a thread:  ([mutex/lock_event])
[0x000000000127ca80] Threads_lock - owner thread: 0x0000000017df6800
[0x00000000032100d0] Heap_lock - owner thread: 0x000000000127d800

Heap:
 PSYoungGen      total 38400K, used 38384K [0x00000000d5f80000, 0x00000000daa80000, 0x0000000100000000)
  eden space 33280K, 100% used [0x00000000d5f80000,0x00000000d8000000,0x00000000d8000000)
  from space 5120K, 99% used [0x00000000d8000000,0x00000000d84fc030,0x00000000d8500000)
  to   space 5120K, 99% used [0x00000000da580000,0x00000000daa78020,0x00000000daa80000)
 ParOldGen       total 87552K, used 15489K [0x0000000081e00000, 0x0000000087380000, 0x00000000d5f80000)
  object space 87552K, 17% used [0x0000000081e00000,0x0000000082d206b0,0x0000000087380000)
 Metaspace       used 14626K, capacity 14830K, committed 14976K, reserved 1062912K
  class space    used 1788K, capacity 1877K, committed 1920K, reserved 1048576K

Card table byte_map: [0x00000000126d0000,0x0000000012ad0000] byte_map_base: 0x00000000122c1000

Marking Bits: (ParMarkBitMap*) 0x000000005bf8f860
 Begin Bits: [0x0000000013180000, 0x0000000015108000)
 End Bits:   [0x0000000015108000, 0x0000000017090000)

Polling page: 0x00000000018b0000

CodeCache: size=245760Kb used=7484Kb max_used=7495Kb free=238275Kb
 bounds [0x0000000003310000, 0x0000000003a70000, 0x0000000012310000]
 total_blobs=2500 nmethods=2160 adapters=252
 compilation: enabled

Compilation events (10 events):
Event: 3.059 Thread 0x0000000017e30800 nmethod 2120 0x0000000003a65390 code [0x0000000003a655a0, 0x0000000003a664e8]
Event: 3.059 Thread 0x0000000017e30800 2067       4       org.eclipse.sisu.plexus.RealmFilteredBeans$FilteredItr::hasNext (81 bytes)
Event: 3.060 Thread 0x0000000017e40800 2173       1       org.apache.maven.model.Model::getOrganization (5 bytes)
Event: 3.060 Thread 0x0000000017e40800 nmethod 2173 0x0000000003a614d0 code [0x0000000003a61620, 0x0000000003a61730]
Event: 3.062 Thread 0x0000000017e40800 2174       3       java.io.File::getAbsolutePath (8 bytes)
Event: 3.062 Thread 0x0000000017e40800 nmethod 2174 0x0000000003a61110 code [0x0000000003a61280, 0x0000000003a61428]
Event: 3.062 Thread 0x0000000017e40800 2175       3       java.util.regex.Matcher::search (109 bytes)
Event: 3.062 Thread 0x0000000017e40800 nmethod 2175 0x0000000003a60a10 code [0x0000000003a60ba0, 0x0000000003a60fa8]
Event: 3.073 Thread 0x0000000017e40800 2176       3       org.apache.maven.artifact.versioning.ComparableVersion$ListItem::isNull (13 bytes)
Event: 3.073 Thread 0x0000000017e40800 nmethod 2176 0x0000000003a605d0 code [0x0000000003a60720, 0x0000000003a60970]

GC Heap History (7 events):
Event: 1.200 GC heap before
{Heap before GC invocations=1 (full 0):
 PSYoungGen      total 38400K, used 33280K [0x00000000d5f80000, 0x00000000d8a00000, 0x0000000100000000)
  eden space 33280K, 100% used [0x00000000d5f80000,0x00000000d8000000,0x00000000d8000000)
  from space 5120K, 0% used [0x00000000d8500000,0x00000000d8500000,0x00000000d8a00000)
  to   space 5120K, 0% used [0x00000000d8000000,0x00000000d8000000,0x00000000d8500000)
 ParOldGen       total 87552K, used 0K [0x0000000081e00000, 0x0000000087380000, 0x00000000d5f80000)
  object space 87552K, 0% used [0x0000000081e00000,0x0000000081e00000,0x0000000087380000)
 Metaspace       used 7941K, capacity 8060K, committed 8320K, reserved 1056768K
  class space    used 994K, capacity 1048K, committed 1152K, reserved 1048576K
Event: 1.208 GC heap after
Heap after GC invocations=1 (full 0):
 PSYoungGen      total 38400K, used 4720K [0x00000000d5f80000, 0x00000000d8a00000, 0x0000000100000000)
  eden space 33280K, 0% used [0x00000000d5f80000,0x00000000d5f80000,0x00000000d8000000)
  from space 5120K, 92% used [0x00000000d8000000,0x00000000d849c3d8,0x00000000d8500000)
  to   space 5120K, 0% used [0x00000000d8500000,0x00000000d8500000,0x00000000d8a00000)
 ParOldGen       total 87552K, used 8K [0x0000000081e00000, 0x0000000087380000, 0x00000000d5f80000)
  object space 87552K, 0% used [0x0000000081e00000,0x0000000081e02000,0x0000000087380000)
 Metaspace       used 7941K, capacity 8060K, committed 8320K, reserved 1056768K
  class space    used 994K, capacity 1048K, committed 1152K, reserved 1048576K
}
Event: 1.831 GC heap before
{Heap before GC invocations=2 (full 0):
 PSYoungGen      total 38400K, used 38000K [0x00000000d5f80000, 0x00000000d8a00000, 0x0000000100000000)
  eden space 33280K, 100% used [0x00000000d5f80000,0x00000000d8000000,0x00000000d8000000)
  from space 5120K, 92% used [0x00000000d8000000,0x00000000d849c3d8,0x00000000d8500000)
  to   space 5120K, 0% used [0x00000000d8500000,0x00000000d8500000,0x00000000d8a00000)
 ParOldGen       total 87552K, used 8K [0x0000000081e00000, 0x0000000087380000, 0x00000000d5f80000)
  object space 87552K, 0% used [0x0000000081e00000,0x0000000081e02000,0x0000000087380000)
 Metaspace       used 11987K, capacity 12174K, committed 12416K, reserved 1060864K
  class space    used 1520K, capacity 1605K, committed 1664K, reserved 1048576K
Event: 1.840 GC heap after
Heap after GC invocations=2 (full 0):
 PSYoungGen      total 38400K, used 5118K [0x00000000d5f80000, 0x00000000d8a00000, 0x0000000100000000)
  eden space 33280K, 0% used [0x00000000d5f80000,0x00000000d5f80000,0x00000000d8000000)
  from space 5120K, 99% used [0x00000000d8500000,0x00000000d89ff8f0,0x00000000d8a00000)
  to   space 5120K, 0% used [0x00000000d8000000,0x00000000d8000000,0x00000000d8500000)
 ParOldGen       total 87552K, used 2319K [0x0000000081e00000, 0x0000000087380000, 0x00000000d5f80000)
  object space 87552K, 2% used [0x0000000081e00000,0x0000000082043f38,0x0000000087380000)
 Metaspace       used 11987K, capacity 12174K, committed 12416K, reserved 1060864K
  class space    used 1520K, capacity 1605K, committed 1664K, reserved 1048576K
}
Event: 2.680 GC heap before
{Heap before GC invocations=3 (full 0):
 PSYoungGen      total 38400K, used 38398K [0x00000000d5f80000, 0x00000000d8a00000, 0x0000000100000000)
  eden space 33280K, 100% used [0x00000000d5f80000,0x00000000d8000000,0x00000000d8000000)
  from space 5120K, 99% used [0x00000000d8500000,0x00000000d89ff8f0,0x00000000d8a00000)
  to   space 5120K, 0% used [0x00000000d8000000,0x00000000d8000000,0x00000000d8500000)
 ParOldGen       total 87552K, used 2319K [0x0000000081e00000, 0x0000000087380000, 0x00000000d5f80000)
  object space 87552K, 2% used [0x0000000081e00000,0x0000000082043f38,0x0000000087380000)
 Metaspace       used 14451K, capacity 14632K, committed 14976K, reserved 1062912K
  class space    used 1785K, capacity 1876K, committed 1920K, reserved 1048576K
Event: 2.703 GC heap after
Heap after GC invocations=3 (full 0):
 PSYoungGen      total 38400K, used 5104K [0x00000000d5f80000, 0x00000000daa80000, 0x0000000100000000)
  eden space 33280K, 0% used [0x00000000d5f80000,0x00000000d5f80000,0x00000000d8000000)
  from space 5120K, 99% used [0x00000000d8000000,0x00000000d84fc030,0x00000000d8500000)
  to   space 5120K, 0% used [0x00000000da580000,0x00000000da580000,0x00000000daa80000)
 ParOldGen       total 87552K, used 9581K [0x0000000081e00000, 0x0000000087380000, 0x00000000d5f80000)
  object space 87552K, 10% used [0x0000000081e00000,0x000000008275b670,0x0000000087380000)
 Metaspace       used 14451K, capacity 14632K, committed 14976K, reserved 1062912K
  class space    used 1785K, capacity 1876K, committed 1920K, reserved 1048576K
}
Event: 3.078 GC heap before
{Heap before GC invocations=4 (full 0):
 PSYoungGen      total 38400K, used 38384K [0x00000000d5f80000, 0x00000000daa80000, 0x0000000100000000)
  eden space 33280K, 100% used [0x00000000d5f80000,0x00000000d8000000,0x00000000d8000000)
  from space 5120K, 99% used [0x00000000d8000000,0x00000000d84fc030,0x00000000d8500000)
  to   space 5120K, 0% used [0x00000000da580000,0x00000000da580000,0x00000000daa80000)
 ParOldGen       total 87552K, used 9581K [0x0000000081e00000, 0x0000000087380000, 0x00000000d5f80000)
  object space 87552K, 10% used [0x0000000081e00000,0x000000008275b670,0x0000000087380000)
 Metaspace       used 14626K, capacity 14830K, committed 14976K, reserved 1062912K
  class space    used 1788K, capacity 1877K, committed 1920K, reserved 1048576K

Deoptimization events (10 events):
Event: 2.184 Thread 0x000000000127d800 Uncommon trap: reason=unstable_if action=reinterpret pc=0x0000000003496030 method=java.lang.String.replace(CC)Ljava/lang/String; @ 2
Event: 2.402 Thread 0x000000000127d800 Uncommon trap: reason=null_check action=make_not_entrant pc=0x00000000038dc968 method=org.apache.maven.model.io.xpp3.MavenXpp3ReaderEx.checkFieldWithDuplicate(Lorg/codehaus/plexus/util/xml/pull/XmlPullParser;Ljava/lang/String;Ljava/lang/String;Ljava/util/
Event: 2.454 Thread 0x000000000127d800 Uncommon trap: reason=unstable_if action=reinterpret pc=0x00000000038aca74 method=java.lang.reflect.AccessibleObject.setAccessible0(Ljava/lang/reflect/AccessibleObject;Z)V @ 4
Event: 2.516 Thread 0x000000000127d800 Uncommon trap: reason=unstable_if action=reinterpret pc=0x0000000003488588 method=java.lang.String.startsWith(Ljava/lang/String;I)Z @ 25
Event: 2.519 Thread 0x000000000127d800 Uncommon trap: reason=unstable_if action=reinterpret pc=0x0000000003865ecc method=org.codehaus.plexus.util.xml.pull.MXParser.nextImpl()I @ 879
Event: 2.811 Thread 0x000000000127d800 Uncommon trap: reason=bimorphic action=maybe_recompile pc=0x00000000039880a4 method=java.util.regex.Pattern$Curly.match0(Ljava/util/regex/Matcher;IILjava/lang/CharSequence;)Z @ 170
Event: 2.838 Thread 0x000000000127d800 Uncommon trap: reason=bimorphic action=maybe_recompile pc=0x00000000039880a4 method=java.util.regex.Pattern$Curly.match0(Ljava/util/regex/Matcher;IILjava/lang/CharSequence;)Z @ 170
Event: 2.840 Thread 0x000000000127d800 Uncommon trap: reason=bimorphic action=maybe_recompile pc=0x00000000039880a4 method=java.util.regex.Pattern$Curly.match0(Ljava/util/regex/Matcher;IILjava/lang/CharSequence;)Z @ 170
Event: 2.864 Thread 0x000000000127d800 Uncommon trap: reason=bimorphic action=maybe_recompile pc=0x00000000039880a4 method=java.util.regex.Pattern$Curly.match0(Ljava/util/regex/Matcher;IILjava/lang/CharSequence;)Z @ 170
Event: 2.886 Thread 0x000000000127d800 Uncommon trap: reason=bimorphic action=maybe_recompile pc=0x0000000003988d5c method=java.util.regex.Pattern$Curly.match0(Ljava/util/regex/Matcher;IILjava/lang/CharSequence;)Z @ 170

Classes redefined (0 events):
No events

Internal exceptions (10 events):
Event: 1.876 Thread 0x000000000127d800 Exception <a 'java/lang/NoClassDefFoundError': com/google/inject/servlet/ServletModuleTargetVisitor> (0x00000000d614ebd8) thrown at [C:\re\workspace\8-2-build-windows-amd64-cygwin\jdk8u161\10277\hotspot\src\share\vm\classfile\systemDictionary.cpp, line 19
Event: 1.876 Thread 0x000000000127d800 Exception <a 'java/lang/NoClassDefFoundError'> (0x00000000d614ebd8) thrown at [C:\re\workspace\8-2-build-windows-amd64-cygwin\jdk8u161\10277\hotspot\src\share\vm\prims\jvm.cpp, line 1394]
Event: 1.877 Thread 0x000000000127d800 Exception <a 'java/lang/NoClassDefFoundError': javax/annotation/Priority> (0x00000000d6155170) thrown at [C:\re\workspace\8-2-build-windows-amd64-cygwin\jdk8u161\10277\hotspot\src\share\vm\classfile\systemDictionary.cpp, line 199]
Event: 2.095 Thread 0x000000000127d800 Exception <a 'java/lang/NullPointerException'> (0x00000000d6757e08) thrown at [C:\re\workspace\8-2-build-windows-amd64-cygwin\jdk8u161\10277\hotspot\src\share\vm\interpreter\linkResolver.cpp, line 1185]
Event: 2.095 Thread 0x000000000127d800 Exception <a 'java/lang/NullPointerException'> (0x00000000d6758020) thrown at [C:\re\workspace\8-2-build-windows-amd64-cygwin\jdk8u161\10277\hotspot\src\share\vm\interpreter\linkResolver.cpp, line 1185]
Event: 2.095 Thread 0x000000000127d800 Exception <a 'java/lang/NullPointerException'> (0x00000000d6758238) thrown at [C:\re\workspace\8-2-build-windows-amd64-cygwin\jdk8u161\10277\hotspot\src\share\vm\interpreter\linkResolver.cpp, line 1185]
Event: 2.097 Thread 0x000000000127d800 Exception <a 'java/lang/NullPointerException'> (0x00000000d6770ba0) thrown at [C:\re\workspace\8-2-build-windows-amd64-cygwin\jdk8u161\10277\hotspot\src\share\vm\interpreter\linkResolver.cpp, line 1185]
Event: 2.097 Thread 0x000000000127d800 Exception <a 'java/lang/NullPointerException'> (0x00000000d6770db8) thrown at [C:\re\workspace\8-2-build-windows-amd64-cygwin\jdk8u161\10277\hotspot\src\share\vm\interpreter\linkResolver.cpp, line 1185]
Event: 2.097 Thread 0x000000000127d800 Exception <a 'java/lang/NullPointerException'> (0x00000000d6770fd0) thrown at [C:\re\workspace\8-2-build-windows-amd64-cygwin\jdk8u161\10277\hotspot\src\share\vm\interpreter\linkResolver.cpp, line 1185]
Event: 2.402 Thread 0x000000000127d800 Implicit null exception at 0x00000000038db666 to 0x00000000038dc951

Events (10 events):
Event: 2.840 Thread 0x000000000127d800 DEOPT UNPACKING pc=0x000000000335583b sp=0x000000000320db90 mode 2
Event: 2.850 loading class org/apache/maven/project/DefaultProjectBuildingResult
Event: 2.850 loading class org/apache/maven/project/DefaultProjectBuildingResult done
Event: 2.863 Thread 0x000000000127d800 Uncommon trap: trap_request=0xffffffc6 fr.pc=0x00000000039880a4
Event: 2.864 Thread 0x000000000127d800 DEOPT PACKING pc=0x00000000039880a4 sp=0x000000000320dda0
Event: 2.864 Thread 0x000000000127d800 DEOPT UNPACKING pc=0x000000000335583b sp=0x000000000320dc60 mode 2
Event: 2.886 Thread 0x000000000127d800 Uncommon trap: trap_request=0xffffffc6 fr.pc=0x0000000003988d5c
Event: 2.886 Thread 0x000000000127d800 DEOPT PACKING pc=0x0000000003988d5c sp=0x000000000320dcc0
Event: 2.886 Thread 0x000000000127d800 DEOPT UNPACKING pc=0x000000000335583b sp=0x000000000320dc38 mode 2
Event: 3.078 Executing VM operation: ParallelGCFailedAllocation


Dynamic libraries:
0x00007ff6fc880000 - 0x00007ff6fc8b7000 	C:\Java\jdk1.8.0_161\bin\javaw.exe
0x00007ffb895a0000 - 0x00007ffb89781000 	C:\WINDOWS\SYSTEM32\ntdll.dll
0x00007ffb87b90000 - 0x00007ffb87c42000 	C:\WINDOWS\System32\KERNEL32.DLL
0x00007ffb859c0000 - 0x00007ffb85c33000 	C:\WINDOWS\System32\KERNELBASE.dll
0x00007ffb89270000 - 0x00007ffb89311000 	C:\WINDOWS\System32\ADVAPI32.dll
0x00007ffb87c50000 - 0x00007ffb87cee000 	C:\WINDOWS\System32\msvcrt.dll
0x00007ffb86c60000 - 0x00007ffb86cbb000 	C:\WINDOWS\System32\sechost.dll
0x00007ffb87cf0000 - 0x00007ffb87e14000 	C:\WINDOWS\System32\RPCRT4.dll
0x00007ffb87970000 - 0x00007ffb87b00000 	C:\WINDOWS\System32\USER32.dll
0x00007ffb85f30000 - 0x00007ffb85f50000 	C:\WINDOWS\System32\win32u.dll
0x00007ffb86bd0000 - 0x00007ffb86bf8000 	C:\WINDOWS\System32\GDI32.dll
0x00007ffb85c40000 - 0x00007ffb85dd2000 	C:\WINDOWS\System32\gdi32full.dll
0x00007ffb85e90000 - 0x00007ffb85f2f000 	C:\WINDOWS\System32\msvcp_win.dll
0x00007ffb86220000 - 0x00007ffb8631a000 	C:\WINDOWS\System32\ucrtbase.dll
0x00007ffb7d460000 - 0x00007ffb7d6c9000 	C:\WINDOWS\WinSxS\amd64_microsoft.windows.common-controls_6595b64144ccf1df_6.0.17134.228_none_fb4599993062b194\COMCTL32.dll
0x00007ffb86d90000 - 0x00007ffb870b3000 	C:\WINDOWS\System32\combase.dll
0x00007ffb85f50000 - 0x00007ffb85fca000 	C:\WINDOWS\System32\bcryptPrimitives.dll
0x00007ffb87b00000 - 0x00007ffb87b2d000 	C:\WINDOWS\System32\IMM32.DLL
0x000000005c010000 - 0x000000005c0e2000 	C:\Java\jdk1.8.0_161\jre\bin\msvcr100.dll
0x000000005b770000 - 0x000000005c00f000 	C:\Java\jdk1.8.0_161\jre\bin\server\jvm.dll
0x00007ffb87e20000 - 0x00007ffb87e28000 	C:\WINDOWS\System32\PSAPI.DLL
0x00007ffb7eb50000 - 0x00007ffb7eb73000 	C:\WINDOWS\SYSTEM32\WINMM.dll
0x00007ffb7bc10000 - 0x00007ffb7bc1a000 	C:\WINDOWS\SYSTEM32\VERSION.dll
0x00007ffb81ce0000 - 0x00007ffb81ce9000 	C:\WINDOWS\SYSTEM32\WSOCK32.dll
0x00007ffb87580000 - 0x00007ffb875ec000 	C:\WINDOWS\System32\WS2_32.dll
0x00007ffb7e9d0000 - 0x00007ffb7e9fa000 	C:\WINDOWS\SYSTEM32\WINMMBASE.dll
0x00007ffb85970000 - 0x00007ffb859b9000 	C:\WINDOWS\System32\cfgmgr32.dll
0x000000005b760000 - 0x000000005b76f000 	C:\Java\jdk1.8.0_161\jre\bin\verify.dll
0x000000005b730000 - 0x000000005b759000 	C:\Java\jdk1.8.0_161\jre\bin\java.dll
0x000000005b710000 - 0x000000005b726000 	C:\Java\jdk1.8.0_161\jre\bin\zip.dll
0x00007ffb87e30000 - 0x00007ffb89270000 	C:\WINDOWS\System32\SHELL32.dll
0x00007ffb89430000 - 0x00007ffb894d9000 	C:\WINDOWS\System32\shcore.dll
0x00007ffb86320000 - 0x00007ffb86a2d000 	C:\WINDOWS\System32\windows.storage.dll
0x00007ffb86c00000 - 0x00007ffb86c51000 	C:\WINDOWS\System32\shlwapi.dll
0x00007ffb85930000 - 0x00007ffb85941000 	C:\WINDOWS\System32\kernel.appcore.dll
0x00007ffb85950000 - 0x00007ffb8596f000 	C:\WINDOWS\System32\profapi.dll
0x00007ffb858b0000 - 0x00007ffb858fc000 	C:\WINDOWS\System32\powrprof.dll
0x00007ffb85900000 - 0x00007ffb8590a000 	C:\WINDOWS\System32\FLTLIB.DLL
0x000000005b6f0000 - 0x000000005b70a000 	C:\Java\jdk1.8.0_161\jre\bin\net.dll
0x00007ffb850d0000 - 0x00007ffb85136000 	C:\WINDOWS\system32\mswsock.dll
0x000000005b6d0000 - 0x000000005b6e1000 	C:\Java\jdk1.8.0_161\jre\bin\nio.dll
0x00007ffb7f730000 - 0x00007ffb7f8f9000 	C:\WINDOWS\SYSTEM32\dbghelp.dll

VM Arguments:
jvm_args: -Dmaven.home=EMBEDDED -Dclassworlds.conf=E:\OTM\project\mutli\workspace\.metadata\.plugins\org.eclipse.m2e.launching\launches\m2conf9033563399549338470.tmp -Dmaven.multiModuleProjectDirectory=E:\OTM\project\mutli\otm -Dfile.encoding=Cp1252 
java_command: org.codehaus.plexus.classworlds.launcher.Launcher -B clean
java_class_path (initial): E:\eclipse\plugins\org.eclipse.m2e.maven.runtime_1.8.3.20180227-2135\jars\plexus-classworlds-2.5.2.jar
Launcher Type: SUN_STANDARD

Environment Variables:
JAVA_HOME=C:\Java\jdk1.8.0_161
PATH=C:\ProgramData\Oracle\Java\javapath;C:\Program Files (x86)\Common Files\Oracle\Java\javapath;C:\Java\jdk1.8.0_161\bin;C:\WINDOWS\system32;C:\WINDOWS;C:\WINDOWS\System32\Wbem;C:\WINDOWS\System32\WindowsPowerShell\v1.0\;C:\nodejs\;D:\apache-maven-3.5.2\bin;C:\Git\cmd;D:\curl-7.59.0\bin;;C:\WINDOWS\System32\OpenSSH\;C:\Microsoft VS Code\bin;C:\Users\rkann\AppData\Local\Microsoft\WindowsApps;C:\Users\rkann\AppData\Roaming\npm;
USERNAME=rkann
OS=Windows_NT
PROCESSOR_IDENTIFIER=Intel64 Family 6 Model 58 Stepping 9, GenuineIntel



---------------  S Y S T E M  ---------------

OS: Windows 10.0 , 64 bit Build 17134 (10.0.17134.1)

CPU:total 4 (initial active 4) (2 cores per cpu, 2 threads per core) family 6 model 58 stepping 9, cmov, cx8, fxsr, mmx, sse, sse2, sse3, ssse3, sse4.1, sse4.2, popcnt, avx, aes, clmul, erms, ht, tsc, tscinvbit, tscinv

Memory: 4k page, physical 8260968k(2117696k free), swap 19662120k(9839200k free)

vm_info: Java HotSpot(TM) 64-Bit Server VM (25.161-b12) for windows-amd64 JRE (1.8.0_161-b12), built on Dec 19 2017 17:52:25 by "java_re" with MS VC++ 10.0 (VS2010)

time: Sun Aug 26 16:27:19 2018
elapsed time: 3 seconds (0d 0h 0m 3s)

